# JRE version: Java(TM) SE Runtime Environment (8.0_221-b11) (build 1.8.0_221-b11)
# Java VM: Java HotSpot(TM) 64-Bit Server VM (25.221-b11 mixed mode windows-amd64 compressed oops)
Heap:
 PSYoungGen      total 140288K, used 12380K [0x00000000d5f80000, 0x00000000e3180000, 0x0000000100000000)
  eden space 131584K, 9% used [0x00000000d5f80000,0x00000000d6b973b0,0x00000000de000000)
  from space 8704K, 0% used [0x00000000de000000,0x00000000de000000,0x00000000de880000)
  to   space 15872K, 0% used [0x00000000e2200000,0x00000000e2200000,0x00000000e3180000)
 ParOldGen       total 52736K, used 25613K [0x0000000081e00000, 0x0000000085180000, 0x00000000d5f80000)
  object space 52736K, 48% used [0x0000000081e00000,0x00000000837037f8,0x0000000085180000)
 Metaspace       used 34155K, capacity 35814K, committed 35928K, reserved 1081344K
  class space    used 4632K, capacity 4935K, committed 4992K, reserved 1048576K
GC Heap History (10 events):
Event: 6.665 GC heap before
{Heap before GC invocations=7 (full 1):
 PSYoungGen      total 71680K, used 66560K [0x00000000d5f80000, 0x00000000df380000, 0x0000000100000000)
  eden space 66560K, 100% used [0x00000000d5f80000,0x00000000da080000,0x00000000da080000)
  from space 5120K, 0% used [0x00000000da080000,0x00000000da080000,0x00000000da580000)
  to   space 9216K, 0% used [0x00000000dea80000,0x00000000dea80000,0x00000000df380000)
 ParOldGen       total 52736K, used 7483K [0x0000000081e00000, 0x0000000085180000, 0x00000000d5f80000)
  object space 52736K, 14% used [0x0000000081e00000,0x000000008254ed50,0x0000000085180000)
 Metaspace       used 23479K, capacity 24568K, committed 24832K, reserved 1071104K
  class space    used 3247K, capacity 3536K, committed 3584K, reserved 1048576K
Event: 6.673 GC heap after
Heap after GC invocations=7 (full 1):
 PSYoungGen      total 120832K, used 6411K [0x00000000d5f80000, 0x00000000df100000, 0x0000000100000000)
  eden space 114176K, 0% used [0x00000000d5f80000,0x00000000d5f80000,0x00000000dcf00000)
  from space 6656K, 96% used [0x00000000dea80000,0x00000000df0c2ff8,0x00000000df100000)
  to   space 8704K, 0% used [0x00000000de000000,0x00000000de000000,0x00000000de880000)
 ParOldGen       total 52736K, used 7491K [0x0000000081e00000, 0x0000000085180000, 0x00000000d5f80000)
  object space 52736K, 14% used [0x0000000081e00000,0x0000000082550d50,0x0000000085180000)
 Metaspace       used 23479K, capacity 24568K, committed 24832K, reserved 1071104K
  class space    used 3247K, capacity 3536K, committed 3584K, reserved 1048576K
}
Event: 8.352 GC heap before
{Heap before GC invocations=8 (full 1):
 PSYoungGen      total 120832K, used 120587K [0x00000000d5f80000, 0x00000000df100000, 0x0000000100000000)
  eden space 114176K, 100% used [0x00000000d5f80000,0x00000000dcf00000,0x00000000dcf00000)
  from space 6656K, 96% used [0x00000000dea80000,0x00000000df0c2ff8,0x00000000df100000)
  to   space 8704K, 0% used [0x00000000de000000,0x00000000de000000,0x00000000de880000)
 ParOldGen       total 52736K, used 7491K [0x0000000081e00000, 0x0000000085180000, 0x00000000d5f80000)
  object space 52736K, 14% used [0x0000000081e00000,0x0000000082550d50,0x0000000085180000)
 Metaspace       used 29629K, capacity 30904K, committed 31104K, reserved 1075200K
  class space    used 4054K, capacity 4356K, committed 4480K, reserved 1048576K
Event: 8.369 GC heap after
Heap after GC invocations=8 (full 1):
 PSYoungGen      total 140288K, used 8677K [0x00000000d5f80000, 0x00000000e2d80000, 0x0000000100000000)
  eden space 131584K, 0% used [0x00000000d5f80000,0x00000000d5f80000,0x00000000de000000)
  from space 8704K, 99% used [0x00000000de000000,0x00000000de8796d0,0x00000000de880000)
  to   space 9728K, 0% used [0x00000000e2400000,0x00000000e2400000,0x00000000e2d80000)
 ParOldGen       total 52736K, used 8157K [0x0000000081e00000, 0x0000000085180000, 0x00000000d5f80000)
  object space 52736K, 15% used [0x0000000081e00000,0x00000000825f7470,0x0000000085180000)
 Metaspace       used 29629K, capacity 30904K, committed 31104K, reserved 1075200K
  class space    used 4054K, capacity 4356K, committed 4480K, reserved 1048576K
}
Event: 8.993 GC heap before
{Heap before GC invocations=9 (full 1):
 PSYoungGen      total 140288K, used 140261K [0x00000000d5f80000, 0x00000000e2d80000, 0x0000000100000000)
  eden space 131584K, 100% used [0x00000000d5f80000,0x00000000de000000,0x00000000de000000)
  from space 8704K, 99% used [0x00000000de000000,0x00000000de8796d0,0x00000000de880000)
  to   space 9728K, 0% used [0x00000000e2400000,0x00000000e2400000,0x00000000e2d80000)
 ParOldGen       total 52736K, used 8157K [0x0000000081e00000, 0x0000000085180000, 0x00000000d5f80000)
  object space 52736K, 15% used [0x0000000081e00000,0x00000000825f7470,0x0000000085180000)
 Metaspace       used 29999K, capacity 31262K, committed 31360K, reserved 1077248K
  class space    used 4085K, capacity 4389K, committed 4480K, reserved 1048576K
Event: 9.010 GC heap after
Heap after GC invocations=9 (full 1):
 PSYoungGen      total 141312K, used 9724K [0x00000000d5f80000, 0x00000000e2d80000, 0x0000000100000000)
  eden space 131584K, 0% used [0x00000000d5f80000,0x00000000d5f80000,0x00000000de000000)
  from space 9728K, 99% used [0x00000000e2400000,0x00000000e2d7f000,0x00000000e2d80000)
  to   space 8704K, 0% used [0x00000000de000000,0x00000000de000000,0x00000000de880000)
 ParOldGen       total 52736K, used 10275K [0x0000000081e00000, 0x0000000085180000, 0x00000000d5f80000)
  object space 52736K, 19% used [0x0000000081e00000,0x0000000082808ce0,0x0000000085180000)
 Metaspace       used 29999K, capacity 31262K, committed 31360K, reserved 1077248K
  class space    used 4085K, capacity 4389K, committed 4480K, reserved 1048576K
}
Event: 12.208 GC heap before
{Heap before GC invocations=10 (full 1):
 PSYoungGen      total 141312K, used 141308K [0x00000000d5f80000, 0x00000000e2d80000, 0x0000000100000000)
  eden space 131584K, 100% used [0x00000000d5f80000,0x00000000de000000,0x00000000de000000)
  from space 9728K, 99% used [0x00000000e2400000,0x00000000e2d7f000,0x00000000e2d80000)
  to   space 8704K, 0% used [0x00000000de000000,0x00000000de000000,0x00000000de880000)
 ParOldGen       total 52736K, used 10275K [0x0000000081e00000, 0x0000000085180000, 0x00000000d5f80000)
  object space 52736K, 19% used [0x0000000081e00000,0x0000000082808ce0,0x0000000085180000)
 Metaspace       used 33705K, capacity 35316K, committed 35416K, reserved 1079296K
  class space    used 4580K, capacity 4900K, committed 4992K, reserved 1048576K
Event: 12.246 GC heap after
Heap after GC invocations=10 (full 1):
 PSYoungGen      total 140288K, used 8699K [0x00000000d5f80000, 0x00000000e3180000, 0x0000000100000000)
  eden space 131584K, 0% used [0x00000000d5f80000,0x00000000d5f80000,0x00000000de000000)
  from space 8704K, 99% used [0x00000000de000000,0x00000000de87efc0,0x00000000de880000)
  to   space 15872K, 0% used [0x00000000e2200000,0x00000000e2200000,0x00000000e3180000)
 ParOldGen       total 52736K, used 19979K [0x0000000081e00000, 0x0000000085180000, 0x00000000d5f80000)
  object space 52736K, 37% used [0x0000000081e00000,0x0000000083182f60,0x0000000085180000)
 Metaspace       used 33705K, capacity 35316K, committed 35416K, reserved 1079296K
  class space    used 4580K, capacity 4900K, committed 4992K, reserved 1048576K
}
Event: 12.246 GC heap before
{Heap before GC invocations=11 (full 2):
 PSYoungGen      total 140288K, used 8699K [0x00000000d5f80000, 0x00000000e3180000, 0x0000000100000000)
  eden space 131584K, 0% used [0x00000000d5f80000,0x00000000d5f80000,0x00000000de000000)
  from space 8704K, 99% used [0x00000000de000000,0x00000000de87efc0,0x00000000de880000)
  to   space 15872K, 0% used [0x00000000e2200000,0x00000000e2200000,0x00000000e3180000)
 ParOldGen       total 52736K, used 19979K [0x0000000081e00000, 0x0000000085180000, 0x00000000d5f80000)
  object space 52736K, 37% used [0x0000000081e00000,0x0000000083182f60,0x0000000085180000)
 Metaspace       used 33705K, capacity 35316K, committed 35416K, reserved 1079296K
  class space    used 4580K, capacity 4900K, committed 4992K, reserved 1048576K
Event: 12.648 GC heap after
Heap after GC invocations=11 (full 2):
 PSYoungGen      total 140288K, used 0K [0x00000000d5f80000, 0x00000000e3180000, 0x0000000100000000)
  eden space 131584K, 0% used [0x00000000d5f80000,0x00000000d5f80000,0x00000000de000000)
  from space 8704K, 0% used [0x00000000de000000,0x00000000de000000,0x00000000de880000)
  to   space 15872K, 0% used [0x00000000e2200000,0x00000000e2200000,0x00000000e3180000)
 ParOldGen       total 52736K, used 25613K [0x0000000081e00000, 0x0000000085180000, 0x00000000d5f80000)
  object space 52736K, 48% used [0x0000000081e00000,0x00000000837037f8,0x0000000085180000)
 Metaspace       used 33705K, capacity 35316K, committed 35416K, reserved 1079296K
  class space    used 4580K, capacity 4900K, committed 4992K, reserved 1048576K
}

